Arguments: 
  /home/ben/.asdf/installs/nodejs/9.10.1/bin/node /usr/share/yarn/bin/yarn.js start

PATH: 
  /home/ben/.asdf/shims:/home/ben/.asdf/bin:/home/ben/bin:/home/ben/.local/bin:/usr/local/sbin:/usr/local/bin:/usr/sbin:/usr/bin:/sbin:/bin:/usr/games:/usr/local/games:/snap/bin

Yarn version: 
  1.5.1

Node version: 
  9.10.1

Platform: 
  linux x64

npm manifest: 
  No manifest

yarn manifest: 
  No manifest

Lockfile: 
  No lockfile

Trace: 
  Error: Couldn't find a package.json file in "/home/ben/Development"
      at new MessageError (/usr/share/yarn/lib/cli.js:186:110)
      at /usr/share/yarn/lib/cli.js:40048:15
      at Generator.next (<anonymous>)
      at step (/usr/share/yarn/lib/cli.js:98:30)
      at /usr/share/yarn/lib/cli.js:109:13
      at <anonymous>
